<?xml version="1.0" encoding="UTF-8"?>
<testsuite name="bankproyect.AppTest" tests="1" skipped="0" failures="0" errors="0" timestamp="2024-11-26T14:44:00" hostname="DESKTOP-BGM0K3E" time="0.014">
  <properties/>
  <testcase name="appHasAGreeting()" classname="bankproyect.AppTest" time="0.014"/>
  <system-out><![CDATA[]]></system-out>
  <system-err><![CDATA[]]></system-err>
</testsuite>
